<?xml version="1.0" encoding="utf-8"?><testsuites name="pytest tests"><testsuite name="pytest" errors="0" failures="0" skipped="0" tests="25" time="4.300" timestamp="2026-07-06T14:36:28.152839+00:00" hostname="agent-env-2be85120-d8c9-44ac-bdb7-4732e9d7cb63"><testcase classname="backend.tests.backend_test" name="test_health_root_v2" time="0.280" /><testcase classname="backend.tests.backend_test.TestAuth" name="test_login_demo_user" time="0.322" /><testcase classname="backend.tests.backend_test.TestAuth" name="test_login_wrong_password" time="0.296" /><testcase classname="backend.tests.backend_test.TestAuth" name="test_me_requires_auth" time="0.520" /><testcase classname="backend.tests.backend_test.TestAuth" name="test_get_me" time="0.347" /><testcase classname="backend.tests.backend_test.TestAuth" name="test_update_me_new_fields" time="0.124" /><testcase classname="backend.tests.backend_test.TestAuth" name="test_update_email_duplicate_returns_400" time="0.408" /><testcase classname="backend.tests.backend_test.TestCatalogs" name="test_specialties" time="0.038" /><testcase classname="backend.tests.backend_test.TestCatalogs" name="test_allergies_catalog" time="0.079" /><testcase classname="backend.tests.backend_test.TestAvailableSlots" name="test_available_slots_shape" time="0.280" /><testcase classname="backend.tests.backend_test.TestAvailableSlots" name="test_available_slots_after_booking" time="0.090" /><testcase classname="backend.tests.backend_test.TestAppointments" name="test_list" time="0.037" /><testcase classname="backend.tests.backend_test.TestAppointments" name="test_double_book_same_doctor_same_time_returns_409" time="0.140" /><testcase classname="backend.tests.backend_test.TestAppointments" name="test_cancel_requires_reason_422" time="0.178" /><testcase classname="backend.tests.backend_test.TestAppointments" name="test_cancel_with_reason_success" time="0.196" /><testcase classname="backend.tests.backend_test.TestNotifications" name="test_notifications_shape" time="0.080" /><testcase classname="backend.tests.backend_test.TestNotifications" name="test_notifications_upcoming_appointment_within_48h" time="0.149" /><testcase classname="backend.tests.backend_test.TestHelp" name="test_faq" time="0.171" /><testcase classname="backend.tests.backend_test.TestMedicationsRemoved" name="test_medications_get_endpoints_removed[/api/medications]" time="0.038" /><testcase classname="backend.tests.backend_test.TestMedicationsRemoved" name="test_medications_get_endpoints_removed[/api/medications/anything]" time="0.042" /><testcase classname="backend.tests.backend_test.TestMedicationsRemoved" name="test_medications_get_endpoints_removed[/api/medications/anything/logs]" time="0.045" /><testcase classname="backend.tests.backend_test.TestMedicationsRemoved" name="test_medications_post_removed" time="0.045" /><testcase classname="backend.tests.backend_test.TestMedicationsRemoved" name="test_medications_take_removed" time="0.047" /><testcase classname="backend.tests.backend_test.TestExams" name="test_list" time="0.091" /><testcase classname="backend.tests.backend_test.TestExams" name="test_get_404" time="0.105" /></testsuite></testsuites>